C:\Users\AnGupta\OneDrive - GEP\Visual Studio 2015\Projects\MapPlay\MapPlay\dist\out-tsc\app\app.service.js
C:\Users\AnGupta\OneDrive - GEP\Visual Studio 2015\Projects\MapPlay\MapPlay\dist\out-tsc\app\app.service.js.map
C:\Users\AnGupta\OneDrive - GEP\Visual Studio 2015\Projects\MapPlay\MapPlay\dist\out-tsc\app\app.component.js
C:\Users\AnGupta\OneDrive - GEP\Visual Studio 2015\Projects\MapPlay\MapPlay\dist\out-tsc\app\app.component.js.map
C:\Users\AnGupta\OneDrive - GEP\Visual Studio 2015\Projects\MapPlay\MapPlay\dist\out-tsc\googlelogin\logwithgoogle.component.js
C:\Users\AnGupta\OneDrive - GEP\Visual Studio 2015\Projects\MapPlay\MapPlay\dist\out-tsc\googlelogin\logwithgoogle.component.js.map
C:\Users\AnGupta\OneDrive - GEP\Visual Studio 2015\Projects\MapPlay\MapPlay\dist\out-tsc\Logins\login.service.js
C:\Users\AnGupta\OneDrive - GEP\Visual Studio 2015\Projects\MapPlay\MapPlay\dist\out-tsc\Logins\login.service.js.map
C:\Users\AnGupta\OneDrive - GEP\Visual Studio 2015\Projects\MapPlay\MapPlay\dist\out-tsc\Logins\login.component.js
C:\Users\AnGupta\OneDrive - GEP\Visual Studio 2015\Projects\MapPlay\MapPlay\dist\out-tsc\Logins\login.component.js.map
C:\Users\AnGupta\OneDrive - GEP\Visual Studio 2015\Projects\MapPlay\MapPlay\dist\out-tsc\app\app.module.js
C:\Users\AnGupta\OneDrive - GEP\Visual Studio 2015\Projects\MapPlay\MapPlay\dist\out-tsc\app\app.module.js.map
C:\Users\AnGupta\OneDrive - GEP\Visual Studio 2015\Projects\MapPlay\MapPlay\dist\out-tsc\environments\environment.js
C:\Users\AnGupta\OneDrive - GEP\Visual Studio 2015\Projects\MapPlay\MapPlay\dist\out-tsc\environments\environment.js.map
C:\Users\AnGupta\OneDrive - GEP\Visual Studio 2015\Projects\MapPlay\MapPlay\dist\out-tsc\main.js
C:\Users\AnGupta\OneDrive - GEP\Visual Studio 2015\Projects\MapPlay\MapPlay\dist\out-tsc\main.js.map
C:\Users\AnGupta\OneDrive - GEP\Visual Studio 2015\Projects\MapPlay\MapPlay\dist\out-tsc\polyfills.js
C:\Users\AnGupta\OneDrive - GEP\Visual Studio 2015\Projects\MapPlay\MapPlay\dist\out-tsc\polyfills.js.map
C:\Users\AnGupta\OneDrive - GEP\Visual Studio 2015\Projects\MapPlay\MapPlay\dist\out-tsc\test.js
C:\Users\AnGupta\OneDrive - GEP\Visual Studio 2015\Projects\MapPlay\MapPlay\dist\out-tsc\test.js.map
C:\Users\AnGupta\OneDrive - GEP\Visual Studio 2015\Projects\MapPlay\MapPlay\dist\out-tsc\app\app.component.spec.js
C:\Users\AnGupta\OneDrive - GEP\Visual Studio 2015\Projects\MapPlay\MapPlay\dist\out-tsc\app\app.component.spec.js.map
C:\Users\AnGupta\OneDrive - GEP\Visual Studio 2015\Projects\MapPlay\MapPlay\dist\out-tsc\environments\environment.prod.js
C:\Users\AnGupta\OneDrive - GEP\Visual Studio 2015\Projects\MapPlay\MapPlay\dist\out-tsc\environments\environment.prod.js.map
C:\Users\AnGupta\OneDrive - GEP\Visual Studio 2015\Projects\MapPlay\MapPlay\dist\out-tsc\app\app.service.js
C:\Users\AnGupta\OneDrive - GEP\Visual Studio 2015\Projects\MapPlay\MapPlay\dist\out-tsc\app\app.service.js.map
C:\Users\AnGupta\OneDrive - GEP\Visual Studio 2015\Projects\MapPlay\MapPlay\dist\out-tsc\app\app.component.js
C:\Users\AnGupta\OneDrive - GEP\Visual Studio 2015\Projects\MapPlay\MapPlay\dist\out-tsc\app\app.component.js.map
C:\Users\AnGupta\OneDrive - GEP\Visual Studio 2015\Projects\MapPlay\MapPlay\dist\out-tsc\googlelogin\logwithgoogle.component.js
C:\Users\AnGupta\OneDrive - GEP\Visual Studio 2015\Projects\MapPlay\MapPlay\dist\out-tsc\googlelogin\logwithgoogle.component.js.map
C:\Users\AnGupta\OneDrive - GEP\Visual Studio 2015\Projects\MapPlay\MapPlay\dist\out-tsc\Logins\login.service.js
C:\Users\AnGupta\OneDrive - GEP\Visual Studio 2015\Projects\MapPlay\MapPlay\dist\out-tsc\Logins\login.service.js.map
C:\Users\AnGupta\OneDrive - GEP\Visual Studio 2015\Projects\MapPlay\MapPlay\dist\out-tsc\Logins\login.component.js
C:\Users\AnGupta\OneDrive - GEP\Visual Studio 2015\Projects\MapPlay\MapPlay\dist\out-tsc\Logins\login.component.js.map
C:\Users\AnGupta\OneDrive - GEP\Visual Studio 2015\Projects\MapPlay\MapPlay\dist\out-tsc\app\app.module.js
C:\Users\AnGupta\OneDrive - GEP\Visual Studio 2015\Projects\MapPlay\MapPlay\dist\out-tsc\app\app.module.js.map
C:\Users\AnGupta\OneDrive - GEP\Visual Studio 2015\Projects\MapPlay\MapPlay\dist\out-tsc\environments\environment.js
C:\Users\AnGupta\OneDrive - GEP\Visual Studio 2015\Projects\MapPlay\MapPlay\dist\out-tsc\environments\environment.js.map
C:\Users\AnGupta\OneDrive - GEP\Visual Studio 2015\Projects\MapPlay\MapPlay\dist\out-tsc\main.js
C:\Users\AnGupta\OneDrive - GEP\Visual Studio 2015\Projects\MapPlay\MapPlay\dist\out-tsc\main.js.map
C:\Users\AnGupta\OneDrive - GEP\Visual Studio 2015\Projects\MapPlay\MapPlay\dist\out-tsc\polyfills.js
C:\Users\AnGupta\OneDrive - GEP\Visual Studio 2015\Projects\MapPlay\MapPlay\dist\out-tsc\polyfills.js.map
C:\Users\AnGupta\OneDrive - GEP\Visual Studio 2015\Projects\MapPlay\MapPlay\dist\out-tsc\test.js
C:\Users\AnGupta\OneDrive - GEP\Visual Studio 2015\Projects\MapPlay\MapPlay\dist\out-tsc\test.js.map
C:\Users\AnGupta\OneDrive - GEP\Visual Studio 2015\Projects\MapPlay\MapPlay\dist\out-tsc\app\app.component.spec.js
C:\Users\AnGupta\OneDrive - GEP\Visual Studio 2015\Projects\MapPlay\MapPlay\dist\out-tsc\app\app.component.spec.js.map
C:\Users\AnGupta\OneDrive - GEP\Visual Studio 2015\Projects\MapPlay\MapPlay\dist\out-tsc\environments\environment.prod.js
C:\Users\AnGupta\OneDrive - GEP\Visual Studio 2015\Projects\MapPlay\MapPlay\dist\out-tsc\environments\environment.prod.js.map
